#
# A fatal error has been detected by the Java Runtime Environment:
#
#  SIGSEGV (0xb) at pc=0x00007fda2ff52521, pid=6419, tid=140575054706432
#
# JRE version: 7.0_25-b15
# Java VM: Java HotSpot(TM) 64-Bit Server VM (23.25-b01 mixed mode linux-amd64 compressed oops)
# Problematic frame:
# V  [libjvm.so+0x512521]  oopDesc::size_given_klass(Klass*)+0x1
#
# Failed to write core dump. Core dumps have been disabled. To enable core dumping, try "ulimit -c unlimited" before starting Java again
#
# If you would like to submit a bug report, please visit:
#   http://bugreport.sun.com/bugreport/crash.jsp
#

---------------  T H R E A D  ---------------

Current thread (0x00007fda28016800):  GCTaskThread [stack: 0x00007fda2e233000,0x00007fda2e334000] [id=6422]

siginfo:si_signo=SIGSEGV: si_errno=0, si_code=1 (SEGV_MAPERR), si_addr=0x0000000000000025

Registers:
RAX=0x000000000000000d, RBX=0x00000000c5c54344, RCX=0x0000000000000000, RDX=0x000000000003a2a1
RSP=0x00007fda2e332a50, RBP=0x00007fda2e332ac0, RSI=0x000000000000001d, RDI=0x00000000c5c54318
R8 =0x0000000800000000, R9 =0x0000000000007454, R10=0x0000000000000003, R11=0x00007fda3072f760
R12=0x00007fda30733de0, R13=0x00000000c5c54318, R14=0x0000000000000003, R15=0x00007fda2808ba10
RIP=0x00007fda2ff52521, EFLAGS=0x0000000000010202, CSGSFS=0x0000000000000033, ERR=0x0000000000000004
  TRAPNO=0x000000000000000e

Top of Stack: (sp=0x00007fda2e332a50)
0x00007fda2e332a50:   00007fda2e332ac0 00007fda2ff4b82b
0x00007fda2e332a60:   00000000c5c54330 00000000be9093b8
0x00007fda2e332a70:   00000000be9093c0 00000000c5c5434c
0x00007fda2e332a80:   00007fda2e332ac0 00007fda2808ba30
0x00007fda2e332a90:   00007fda2808ba30 00007fda2808ba10
0x00007fda2e332aa0:   00007fda3072f760 00007fda3072bd88
0x00007fda2e332ab0:   00007fda3035085d 00007fda2808ba20
0x00007fda2e332ac0:   00007fda2e332bb0 00007fda301cf97c
0x00007fda2e332ad0:   0000000000000000 00007fda2e332b20
0x00007fda2e332ae0:   00007fda2e332b30 00007fda2e332b10
0x00007fda2e332af0:   00007fda2e332b50 00007fda2e332b60
0x00007fda2e332b00:   00007fda2808ba30 00007fda2808ba90
0x00007fda2e332b10:   0000000000000000 00007fda28017b50
0x00007fda2e332b20:   00007fda28016800 0000000000000021
0x00007fda2e332b30:   00000000c5d0c300 00007fda2808ba10
0x00007fda2e332b40:   00007fda2e332b70 00007fda301db7be
0x00007fda2e332b50:   000000000000001f 00000000000000f8
0x00007fda2e332b60:   00007fda28175470 00007fda2e332be0
0x00007fda2e332b70:   00007fda2e332bb0 00007fda2ffdde1a
0x00007fda2e332b80:   0000000000000000 00007fda2801c890
0x00007fda2e332b90:   00007fda2808ba10 0000000000000001
0x00007fda2e332ba0:   00007fda3035085d 0000000000000000
0x00007fda2e332bb0:   00007fda2e332c30 00007fda301b79f8
0x00007fda2e332bc0:   0000000000000003 00007fda280160a0
0x00007fda2e332bd0:   0000000000000000 00007fda301496fb
0x00007fda2e332be0:   00007fda306f43b0 00007fda28016000
0x00007fda2e332bf0:   0000000000000000 00007fda2808ba10
0x00007fda2e332c00:   00007fda2e332c30 00007fda2801c890
0x00007fda2e332c10:   00007fda28016800 0000000000000001
0x00007fda2e332c20:   00007fda3035085d 0000000000000000
0x00007fda2e332c30:   00007fda2e332d10 00007fda2fef3ad0
0x00007fda2e332c40:   00007fda2e332c70 00007fda2e332cd0 

Instructions: (pc=0x00007fda2ff52521)
0x00007fda2ff52501:   00 48 8b 01 48 89 45 f0 48 8b 41 08 48 8d 4d f0
0x00007fda2ff52511:   48 89 45 f8 41 ff d0 c9 c3 90 90 90 90 90 90 55
0x00007fda2ff52521:   8b 4e 08 48 89 f2 48 89 e5 83 f9 00 7e 11 f6 c1
0x00007fda2ff52531:   01 75 14 89 c8 c9 c1 f8 03 c3 0f 1f 44 00 00 75 

Register to memory mapping:

RAX=0x000000000000000d is an unknown value
RBX=0x00000000c5c54344 is an oop
java.util.HashMap$Entry 
 - klass: 'java/util/HashMap$Entry'
RCX=0x0000000000000000 is an unknown value
RDX=0x000000000003a2a1 is an unknown value
RSP=0x00007fda2e332a50 is an unknown value
RBP=0x00007fda2e332ac0 is an unknown value
RSI=0x000000000000001d is an unknown value
RDI=0x00000000c5c54318 is an oop
[C 
 - klass: {type array char}
 - length: 28
R8 =0x0000000800000000 is an unknown value
R9 =0x0000000000007454 is an unknown value
R10=0x0000000000000003 is an unknown value
R11=0x00007fda3072f760: <offset 0xcef760> in /home/jiri/jdk1.7.0_25/jre/lib/amd64/server/libjvm.so at 0x00007fda2fa40000
R12=0x00007fda30733de0: <offset 0xcf3de0> in /home/jiri/jdk1.7.0_25/jre/lib/amd64/server/libjvm.so at 0x00007fda2fa40000
R13=0x00000000c5c54318 is an oop
[C 
 - klass: {type array char}
 - length: 28
R14=0x0000000000000003 is an unknown value
R15=0x00007fda2808ba10 is an unknown value


Stack: [0x00007fda2e233000,0x00007fda2e334000],  sp=0x00007fda2e332a50,  free space=1022k
Native frames: (J=compiled Java code, j=interpreted, Vv=VM code, C=native code)
V  [libjvm.so+0x512521]  oopDesc::size_given_klass(Klass*)+0x1
V  [libjvm.so+0x78f97c]  ParCompactionManager::follow_marking_stacks()+0x1ec
V  [libjvm.so+0x7779f8]  MarkFromRootsTask::do_it(GCTaskManager*, unsigned int)+0x78
V  [libjvm.so+0x4b3ad0]  GCTaskThread::run()+0x130
V  [libjvm.so+0x744270]  java_start(Thread*)+0x100


---------------  P R O C E S S  ---------------

Java Threads: ( => current thread )
  0x00007fda285fa000 JavaThread "ShutdownMonitor" daemon [_thread_in_native, id=6440, stack(0x00007fda1e16a000,0x00007fda1e26b000)]
  0x00007fda283a3800 JavaThread "pool-1-thread-5" [_thread_blocked, id=6439, stack(0x00007fda1e2b4000,0x00007fda1e3b5000)]
  0x00007fda283ae800 JavaThread "pool-1-thread-4" [_thread_blocked, id=6438, stack(0x00007fda1e3b5000,0x00007fda1e4b6000)]
  0x00007fd9ec001000 JavaThread "pool-1-thread-3" [_thread_blocked, id=6437, stack(0x00007fda1e4b6000,0x00007fda1e5b7000)]
  0x00007fda2836c000 JavaThread "pool-1-thread-2" [_thread_blocked, id=6436, stack(0x00007fda1e5b7000,0x00007fda1e6b8000)]
  0x00007fda2836b000 JavaThread "pool-1-thread-1" [_thread_blocked, id=6435, stack(0x00007fda1e6b8000,0x00007fda1e7b9000)]
  0x00007fda2823f800 JavaThread "process reaper" daemon [_thread_blocked, id=6433, stack(0x00007fda2c001000,0x00007fda2c029000)]
  0x00007fda280ed800 JavaThread "Service Thread" daemon [_thread_blocked, id=6430, stack(0x00007fda1ece1000,0x00007fda1ede2000)]
  0x00007fda280eb000 JavaThread "C2 CompilerThread1" daemon [_thread_blocked, id=6429, stack(0x00007fda1ede2000,0x00007fda1eee3000)]
  0x00007fda280e8000 JavaThread "C2 CompilerThread0" daemon [_thread_blocked, id=6428, stack(0x00007fda1eee3000,0x00007fda1efe4000)]
  0x00007fda280e6000 JavaThread "Signal Dispatcher" daemon [_thread_blocked, id=6427, stack(0x00007fda1efe4000,0x00007fda1f0e5000)]
  0x00007fda28098000 JavaThread "Finalizer" daemon [_thread_blocked, id=6426, stack(0x00007fda1f8f9000,0x00007fda1f9fa000)]
  0x00007fda28095800 JavaThread "Reference Handler" daemon [_thread_blocked, id=6425, stack(0x00007fda1f9fa000,0x00007fda1fafb000)]
  0x00007fda28009000 JavaThread "main" [_thread_blocked, id=6421, stack(0x00007fda31251000,0x00007fda31352000)]

Other Threads:
  0x00007fda2808e000 VMThread [stack: 0x00007fda1fafb000,0x00007fda1fbfc000] [id=6424]
  0x00007fda280f8000 WatcherThread [stack: 0x00007fda1ebe0000,0x00007fda1ece1000] [id=6431]

=>0x00007fda28016800 (exited) GCTaskThread [stack: 0x00007fda2e233000,0x00007fda2e334000] [id=6422]

VM state:at safepoint (normal execution)

VM Mutex/Monitor currently owned by a thread:  ([mutex/lock_event])
[0x00007fda28005200] Threads_lock - owner thread: 0x00007fda2808e000
[0x00007fda28005700] Heap_lock - owner thread: 0x00007fda28009000

Heap
 PSYoungGen      total 264064K, used 15035K [0x00000000ebe00000, 0x00000000fff20000, 0x0000000100000000)
  eden space 249024K, 0% used [0x00000000ebe00000,0x00000000ebe00000,0x00000000fb130000)
  from space 15040K, 99% used [0x00000000ff070000,0x00000000fff1ed28,0x00000000fff20000)
  to   space 28288K, 0% used [0x00000000fc7e0000,0x00000000fc7e0000,0x00000000fe380000)
 ParOldGen       total 71936K, used 70403K [0x00000000c3a00000, 0x00000000c8040000, 0x00000000ebe00000)
  object space 71936K, 97% used [0x00000000c3a00000,0x00000000c7ec0d98,0x00000000c8040000)
 PSPermGen       total 27584K, used 13825K [0x00000000be800000, 0x00000000c02f0000, 0x00000000c3a00000)
  object space 27584K, 50% used [0x00000000be800000,0x00000000bf580540,0x00000000c02f0000)

Card table byte_map: [0x00007fda2e49f000,0x00007fda2e6ac000] byte_map_base: 0x00007fda2deab000

Polling page: 0x00007fda31376000

Code Cache  [0x00007fda25000000, 0x00007fda25280000, 0x00007fda28000000)
 total_blobs=1014 nmethods=739 adapters=227 free_code_cache=46741Kb largest_free_block=47759168

Compilation events (10 events):
Event: 14,551 Thread 0x00007fda280eb000  779   !         org.eclipse.jetty.util.resource.JarFileResource::checkConnection (78 bytes)
Event: 14,614 Thread 0x00007fda280eb000 nmethod 779 0x00007fda25240010 code [0x00007fda25240240, 0x00007fda25240ef0]
Event: 14,614 Thread 0x00007fda280eb000  780  s!         org.eclipse.jetty.util.resource.JarResource::checkConnection (51 bytes)
Event: 14,675 Thread 0x00007fda280eb000 nmethod 780 0x00007fda251a5450 code [0x00007fda251a5680, 0x00007fda251a6390]
Event: 14,675 Thread 0x00007fda280eb000  781  s!         org.eclipse.jetty.util.resource.URLResource::checkConnection (55 bytes)
Event: 14,679 Thread 0x00007fda280eb000 nmethod 781 0x00007fda25101690 code [0x00007fda25101800, 0x00007fda25101c38]
Event: 14,713 Thread 0x00007fda280eb000  782   !         java.util.zip.ZipFile$ZipFileInputStream::close (110 bytes)
Event: 14,727 Thread 0x00007fda280eb000 nmethod 782 0x00007fda2523f010 code [0x00007fda2523f1a0, 0x00007fda2523faf0]
Event: 14,756 Thread 0x00007fda280e8000 nmethod 11% 0x00007fda2525d050 code [0x00007fda2525db20, 0x00007fda25265b20]
Event: 14,757 Thread 0x00007fda280eb000  783             org.objectweb.asm.ClassReader::accept (5493 bytes)

GC Heap History (10 events):
Event: 7,531 GC heap after
Heap after GC invocations=9 (full 0):
 PSYoungGen      total 132096K, used 11568K [0x00000000ebe00000, 0x00000000f9890000, 0x0000000100000000)
  eden space 120512K, 0% used [0x00000000ebe00000,0x00000000ebe00000,0x00000000f33b0000)
  from space 11584K, 99% used [0x00000000f33b0000,0x00000000f3efc018,0x00000000f3f00000)
  to   space 15488K, 0% used [0x00000000f8970000,0x00000000f8970000,0x00000000f9890000)
 ParOldGen       total 41216K, used 26077K [0x00000000c3a00000, 0x00000000c6240000, 0x00000000ebe00000)
  object space 41216K, 63% used [0x00000000c3a00000,0x00000000c53775c0,0x00000000c6240000)
 PSPermGen       total 21248K, used 8789K [0x00000000be800000, 0x00000000bfcc0000, 0x00000000c3a00000)
  object space 21248K, 41% used [0x00000000be800000,0x00000000bf095638,0x00000000bfcc0000)
}
Event: 8,059 GC heap before
{Heap before GC invocations=10 (full 0):
 PSYoungGen      total 132096K, used 132080K [0x00000000ebe00000, 0x00000000f9890000, 0x0000000100000000)
  eden space 120512K, 100% used [0x00000000ebe00000,0x00000000f33b0000,0x00000000f33b0000)
  from space 11584K, 99% used [0x00000000f33b0000,0x00000000f3efc018,0x00000000f3f00000)
  to   space 15488K, 0% used [0x00000000f8970000,0x00000000f8970000,0x00000000f9890000)
 ParOldGen       total 41216K, used 26077K [0x00000000c3a00000, 0x00000000c6240000, 0x00000000ebe00000)
  object space 41216K, 63% used [0x00000000c3a00000,0x00000000c53775c0,0x00000000c6240000)
 PSPermGen       total 21248K, used 8811K [0x00000000be800000, 0x00000000bfcc0000, 0x00000000c3a00000)
  object space 21248K, 41% used [0x00000000be800000,0x00000000bf09ae98,0x00000000bfcc0000)
Event: 8,105 GC heap after
Heap after GC invocations=10 (full 0):
 PSYoungGen      total 208320K, used 9637K [0x00000000ebe00000, 0x00000000f9890000, 0x0000000100000000)
  eden space 192832K, 0% used [0x00000000ebe00000,0x00000000ebe00000,0x00000000f7a50000)
  from space 15488K, 62% used [0x00000000f8970000,0x00000000f92d9490,0x00000000f9890000)
  to   space 15488K, 0% used [0x00000000f7a50000,0x00000000f7a50000,0x00000000f8970000)
 ParOldGen       total 41216K, used 32021K [0x00000000c3a00000, 0x00000000c6240000, 0x00000000ebe00000)
  object space 41216K, 77% used [0x00000000c3a00000,0x00000000c59455c0,0x00000000c6240000)
 PSPermGen       total 21248K, used 8811K [0x00000000be800000, 0x00000000bfcc0000, 0x00000000c3a00000)
  object space 21248K, 41% used [0x00000000be800000,0x00000000bf09ae98,0x00000000bfcc0000)
}
Event: 10,392 GC heap before
{Heap before GC invocations=11 (full 0):
 PSYoungGen      total 208320K, used 202469K [0x00000000ebe00000, 0x00000000f9890000, 0x0000000100000000)
  eden space 192832K, 100% used [0x00000000ebe00000,0x00000000f7a50000,0x00000000f7a50000)
  from space 15488K, 62% used [0x00000000f8970000,0x00000000f92d9490,0x00000000f9890000)
  to   space 15488K, 0% used [0x00000000f7a50000,0x00000000f7a50000,0x00000000f8970000)
 ParOldGen       total 41216K, used 32021K [0x00000000c3a00000, 0x00000000c6240000, 0x00000000ebe00000)
  object space 41216K, 77% used [0x00000000c3a00000,0x00000000c59455c0,0x00000000c6240000)
 PSPermGen       total 21248K, used 13660K [0x00000000be800000, 0x00000000bfcc0000, 0x00000000c3a00000)
  object space 21248K, 64% used [0x00000000be800000,0x00000000bf5571e0,0x00000000bfcc0000)
Event: 10,439 GC heap after
Heap after GC invocations=11 (full 0):
 PSYoungGen      total 208320K, used 5799K [0x00000000ebe00000, 0x00000000fff20000, 0x0000000100000000)
  eden space 192832K, 0% used [0x00000000ebe00000,0x00000000ebe00000,0x00000000f7a50000)
  from space 15488K, 37% used [0x00000000f7a50000,0x00000000f7ff9dd0,0x00000000f8970000)
  to   space 15040K, 0% used [0x00000000ff070000,0x00000000ff070000,0x00000000fff20000)
 ParOldGen       total 41216K, used 40389K [0x00000000c3a00000, 0x00000000c6240000, 0x00000000ebe00000)
  object space 41216K, 97% used [0x00000000c3a00000,0x00000000c61715d0,0x00000000c6240000)
 PSPermGen       total 21248K, used 13660K [0x00000000be800000, 0x00000000bfcc0000, 0x00000000c3a00000)
  object space 21248K, 64% used [0x00000000be800000,0x00000000bf5571e0,0x00000000bfcc0000)
}
Event: 10,439 GC heap before
{Heap before GC invocations=12 (full 1):
 PSYoungGen      total 208320K, used 5799K [0x00000000ebe00000, 0x00000000fff20000, 0x0000000100000000)
  eden space 192832K, 0% used [0x00000000ebe00000,0x00000000ebe00000,0x00000000f7a50000)
  from space 15488K, 37% used [0x00000000f7a50000,0x00000000f7ff9dd0,0x00000000f8970000)
  to   space 15040K, 0% used [0x00000000ff070000,0x00000000ff070000,0x00000000fff20000)
 ParOldGen       total 41216K, used 40389K [0x00000000c3a00000, 0x00000000c6240000, 0x00000000ebe00000)
  object space 41216K, 97% used [0x00000000c3a00000,0x00000000c61715d0,0x00000000c6240000)
 PSPermGen       total 21248K, used 13660K [0x00000000be800000, 0x00000000bfcc0000, 0x00000000c3a00000)
  object space 21248K, 64% used [0x00000000be800000,0x00000000bf5571e0,0x00000000bfcc0000)
Event: 10,915 GC heap after
Heap after GC invocations=12 (full 1):
 PSYoungGen      total 208320K, used 0K [0x00000000ebe00000, 0x00000000fff20000, 0x0000000100000000)
  eden space 192832K, 0% used [0x00000000ebe00000,0x00000000ebe00000,0x00000000f7a50000)
  from space 15488K, 0% used [0x00000000f7a50000,0x00000000f7a50000,0x00000000f8970000)
  to   space 15040K, 0% used [0x00000000ff070000,0x00000000ff070000,0x00000000fff20000)
 ParOldGen       total 71936K, used 40070K [0x00000000c3a00000, 0x00000000c8040000, 0x00000000ebe00000)
  object space 71936K, 55% used [0x00000000c3a00000,0x00000000c61219f0,0x00000000c8040000)
 PSPermGen       total 27584K, used 13654K [0x00000000be800000, 0x00000000c02f0000, 0x00000000c3a00000)
  object space 27584K, 49% used [0x00000000be800000,0x00000000bf555968,0x00000000c02f0000)
}
Event: 14,834 GC heap before
{Heap before GC invocations=13 (full 1):
 PSYoungGen      total 208320K, used 192832K [0x00000000ebe00000, 0x00000000fff20000, 0x0000000100000000)
  eden space 192832K, 100% used [0x00000000ebe00000,0x00000000f7a50000,0x00000000f7a50000)
  from space 15488K, 0% used [0x00000000f7a50000,0x00000000f7a50000,0x00000000f8970000)
  to   space 15040K, 0% used [0x00000000ff070000,0x00000000ff070000,0x00000000fff20000)
 ParOldGen       total 71936K, used 40070K [0x00000000c3a00000, 0x00000000c8040000, 0x00000000ebe00000)
  object space 71936K, 55% used [0x00000000c3a00000,0x00000000c61219f0,0x00000000c8040000)
 PSPermGen       total 27584K, used 13825K [0x00000000be800000, 0x00000000c02f0000, 0x00000000c3a00000)
  object space 27584K, 50% used [0x00000000be800000,0x00000000bf580540,0x00000000c02f0000)
Event: 14,999 GC heap after
Heap after GC invocations=13 (full 1):
 PSYoungGen      total 264064K, used 15035K [0x00000000ebe00000, 0x00000000fff20000, 0x0000000100000000)
  eden space 249024K, 0% used [0x00000000ebe00000,0x00000000ebe00000,0x00000000fb130000)
  from space 15040K, 99% used [0x00000000ff070000,0x00000000fff1ed28,0x00000000fff20000)
  to   space 28288K, 0% used [0x00000000fc7e0000,0x00000000fc7e0000,0x00000000fe380000)
 ParOldGen       total 71936K, used 70403K [0x00000000c3a00000, 0x00000000c8040000, 0x00000000ebe00000)
  object space 71936K, 97% used [0x00000000c3a00000,0x00000000c7ec0d98,0x00000000c8040000)
 PSPermGen       total 27584K, used 13825K [0x00000000be800000, 0x00000000c02f0000, 0x00000000c3a00000)
  object space 27584K, 50% used [0x00000000be800000,0x00000000bf580540,0x00000000c02f0000)
}
Event: 15,000 GC heap before
{Heap before GC invocations=14 (full 2):
 PSYoungGen      total 264064K, used 15035K [0x00000000ebe00000, 0x00000000fff20000, 0x0000000100000000)
  eden space 249024K, 0% used [0x00000000ebe00000,0x00000000ebe00000,0x00000000fb130000)
  from space 15040K, 99% used [0x00000000ff070000,0x00000000fff1ed28,0x00000000fff20000)
  to   space 28288K, 0% used [0x00000000fc7e0000,0x00000000fc7e0000,0x00000000fe380000)
 ParOldGen       total 71936K, used 70403K [0x00000000c3a00000, 0x00000000c8040000, 0x00000000ebe00000)
  object space 71936K, 97% used [0x00000000c3a00000,0x00000000c7ec0d98,0x00000000c8040000)
 PSPermGen       total 27584K, used 13825K [0x00000000be800000, 0x00000000c02f0000, 0x00000000c3a00000)
  object space 27584K, 50% used [0x00000000be800000,0x00000000bf580540,0x00000000c02f0000)

Deoptimization events (10 events):
Event: 10,307 Thread 0x00007fda28009000 Uncommon trap -83 fr.pc 0x00007fda2509f870
Event: 10,311 Thread 0x00007fda28009000 Uncommon trap -58 fr.pc 0x00007fda251870c4
Event: 10,311 Thread 0x00007fda28009000 Uncommon trap -58 fr.pc 0x00007fda251870c4
Event: 10,311 Thread 0x00007fda28009000 Uncommon trap -58 fr.pc 0x00007fda251870c4
Event: 10,311 Thread 0x00007fda28009000 Uncommon trap -58 fr.pc 0x00007fda251870c4
Event: 10,319 Thread 0x00007fda28009000 Uncommon trap -34 fr.pc 0x00007fda250cc440
Event: 10,922 Thread 0x00007fda28098000 Uncommon trap -83 fr.pc 0x00007fda2509fd74
Event: 10,923 Thread 0x00007fda28098000 Uncommon trap -83 fr.pc 0x00007fda2509faac
Event: 12,472 Thread 0x00007fda28009000 Uncommon trap -83 fr.pc 0x00007fda252063d0
Event: 13,912 Thread 0x00007fda28009000 Uncommon trap -83 fr.pc 0x00007fda2522cf48

Internal exceptions (10 events):
Event: 10,188 Thread 0x00007fda28009000 Threw 0x00000000f7228d20 at /HUDSON/workspace/jdk7u25-2-build-linux-amd64-product/jdk7u25/hotspot/src/share/vm/prims/jvm.cpp:1235
Event: 10,188 Thread 0x00007fda28009000 Threw 0x00000000f7229260 at /HUDSON/workspace/jdk7u25-2-build-linux-amd64-product/jdk7u25/hotspot/src/share/vm/prims/jvm.cpp:1235
Event: 10,188 Thread 0x00007fda28009000 Threw 0x00000000f7229860 at /HUDSON/workspace/jdk7u25-2-build-linux-amd64-product/jdk7u25/hotspot/src/share/vm/prims/jvm.cpp:1235
Event: 10,188 Thread 0x00007fda28009000 Threw 0x00000000f7229e80 at /HUDSON/workspace/jdk7u25-2-build-linux-amd64-product/jdk7u25/hotspot/src/share/vm/prims/jvm.cpp:1235
Event: 10,188 Thread 0x00007fda28009000 Threw 0x00000000f722fc00 at /HUDSON/workspace/jdk7u25-2-build-linux-amd64-product/jdk7u25/hotspot/src/share/vm/prims/jvm.cpp:1235
Event: 10,188 Thread 0x00007fda28009000 Threw 0x00000000f7230148 at /HUDSON/workspace/jdk7u25-2-build-linux-amd64-product/jdk7u25/hotspot/src/share/vm/prims/jvm.cpp:1235
Event: 10,188 Thread 0x00007fda28009000 Threw 0x00000000f7230770 at /HUDSON/workspace/jdk7u25-2-build-linux-amd64-product/jdk7u25/hotspot/src/share/vm/prims/jvm.cpp:1235
Event: 10,188 Thread 0x00007fda28009000 Threw 0x00000000f7230db8 at /HUDSON/workspace/jdk7u25-2-build-linux-amd64-product/jdk7u25/hotspot/src/share/vm/prims/jvm.cpp:1235
Event: 10,266 Thread 0x00007fda28009000 Threw 0x00000000f763db38 at /HUDSON/workspace/jdk7u25-2-build-linux-amd64-product/jdk7u25/hotspot/src/share/vm/prims/jvm.cpp:1235
Event: 10,307 Thread 0x00007fda28009000 Implicit null exception at 0x00007fda250825a6 to 0x00007fda25082859

Events (10 events):
Event: 12,472 Thread 0x00007fda28009000 DEOPT PACKING pc=0x00007fda252063d0 sp=0x00007fda3134ea80
Event: 12,472 Thread 0x00007fda28009000 DEOPT UNPACKING pc=0x00007fda25039145 sp=0x00007fda3134e990 mode 2
Event: 13,912 Thread 0x00007fda28009000 DEOPT PACKING pc=0x00007fda2522cf48 sp=0x00007fda3134eae0
Event: 13,912 Thread 0x00007fda28009000 DEOPT UNPACKING pc=0x00007fda25039145 sp=0x00007fda3134ea00 mode 2
Event: 13,980 Thread 0x00007fda280eb000 flushing nmethod 0x00007fda25089c50
Event: 14,098 Thread 0x00007fda280eb000 flushing nmethod 0x00007fda25101210
Event: 14,230 Thread 0x00007fda280eb000 flushing nmethod 0x00007fda25163390
Event: 14,230 Thread 0x00007fda280eb000 flushing nmethod 0x00007fda2516a110
Event: 14,500 Thread 0x00007fda280eb000 flushing nmethod 0x00007fda251a4a90
Event: 14,834 Executing VM operation: ParallelGCFailedAllocation


Dynamic libraries:
00400000-00401000 r-xp 00000000 08:07 2362541                            /home/jiri/jdk1.7.0_25/bin/java
00600000-00601000 rw-p 00000000 08:07 2362541                            /home/jiri/jdk1.7.0_25/bin/java
024f6000-02517000 rw-p 00000000 00:00 0                                  [heap]
be800000-c02f0000 rw-p 00000000 00:00 0 
c02f0000-c3a00000 rw-p 00000000 00:00 0 
c3a00000-c8040000 rw-p 00000000 00:00 0 
c8040000-ebe00000 rw-p 00000000 00:00 0 
ebe00000-fff20000 rw-p 00000000 00:00 0 
fff20000-100000000 rw-p 00000000 00:00 0 
7fd9e4000000-7fd9e4021000 rw-p 00000000 00:00 0 
7fd9e4021000-7fd9e8000000 ---p 00000000 00:00 0 
7fd9ec000000-7fd9ec021000 rw-p 00000000 00:00 0 
7fd9ec021000-7fd9f0000000 ---p 00000000 00:00 0 
7fd9f0000000-7fd9f0021000 rw-p 00000000 00:00 0 
7fd9f0021000-7fd9f4000000 ---p 00000000 00:00 0 
7fd9f4000000-7fd9f4021000 rw-p 00000000 00:00 0 
7fd9f4021000-7fd9f8000000 ---p 00000000 00:00 0 
7fd9f8000000-7fd9f8021000 rw-p 00000000 00:00 0 
7fd9f8021000-7fd9fc000000 ---p 00000000 00:00 0 
7fd9fc000000-7fd9fd72b000 rw-p 00000000 00:00 0 
7fd9fd72b000-7fda00000000 ---p 00000000 00:00 0 
7fda00000000-7fda00021000 rw-p 00000000 00:00 0 
7fda00021000-7fda04000000 ---p 00000000 00:00 0 
7fda04000000-7fda04021000 rw-p 00000000 00:00 0 
7fda04021000-7fda08000000 ---p 00000000 00:00 0 
7fda08000000-7fda0959e000 rw-p 00000000 00:00 0 
7fda0959e000-7fda0c000000 ---p 00000000 00:00 0 
7fda0c000000-7fda0c021000 rw-p 00000000 00:00 0 
7fda0c021000-7fda10000000 ---p 00000000 00:00 0 
7fda10000000-7fda10021000 rw-p 00000000 00:00 0 
7fda10021000-7fda14000000 ---p 00000000 00:00 0 
7fda14000000-7fda14021000 rw-p 00000000 00:00 0 
7fda14021000-7fda18000000 ---p 00000000 00:00 0 
7fda18000000-7fda18021000 rw-p 00000000 00:00 0 
7fda18021000-7fda1c000000 ---p 00000000 00:00 0 
7fda1dfee000-7fda1dff0000 r--s 0000d000 08:07 4981373                    /home/jiri/.m2/repository/org/jboss/logging/jboss-logging/3.1.0.CR2/jboss-logging-3.1.0.CR2.jar
7fda1dff0000-7fda1dff3000 r--s 00009000 08:07 4981372                    /home/jiri/.m2/repository/javax/validation/validation-api/1.0.0.GA/validation-api-1.0.0.GA.jar
7fda1dff3000-7fda1dfff000 r--s 00069000 08:07 4981374                    /home/jiri/.m2/repository/org/hibernate/hibernate-validator/4.3.0.Final/hibernate-validator-4.3.0.Final.jar
7fda1dfff000-7fda1e009000 r--s 0005c000 08:07 4588729                    /home/jiri/.m2/repository/jstl/jstl/1.2/jstl-1.2.jar
7fda1e009000-7fda1e016000 r--s 00174000 08:07 5767823                    /home/jiri/.m2/repository/com/h2database/h2/1.3.173/h2-1.3.173.jar
7fda1e016000-7fda1e019000 r--s 0002f000 08:07 4588980                    /home/jiri/.m2/repository/org/springframework/security/spring-security-config/3.1.4.RELEASE/spring-security-config-3.1.4.RELEASE.jar
7fda1e019000-7fda1e024000 r--s 00049000 08:07 4458623                    /home/jiri/.m2/repository/org/springframework/security/spring-security-core/3.1.4.RELEASE/spring-security-core-3.1.4.RELEASE.jar
7fda1e024000-7fda1e02b000 r--s 00037000 08:07 4195784                    /home/jiri/.m2/repository/org/springframework/security/spring-security-web/3.1.4.RELEASE/spring-security-web-3.1.4.RELEASE.jar
7fda1e02b000-7fda1e02d000 r--s 00004000 08:07 5767818                    /home/jiri/.m2/repository/org/eclipse/persistence/commonj.sdo/2.1.1/commonj.sdo-2.1.1.jar
7fda1e02d000-7fda1e033000 r--s 00022000 08:07 5767822                    /home/jiri/.m2/repository/org/eclipse/persistence/javax.persistence/2.1.0/javax.persistence-2.1.0.jar
7fda1e033000-7fda1e0a6000 r--s 0077c000 08:07 5767816                    /home/jiri/.m2/repository/org/eclipse/persistence/eclipselink/2.5.0/eclipselink-2.5.0.jar
7fda1e0a6000-7fda1e0aa000 r--s 00019000 08:07 5767814                    /home/jiri/.m2/repository/org/aspectj/aspectjrt/1.7.2/aspectjrt-1.7.2.jar
7fda1e0aa000-7fda1e0b4000 r--s 00054000 08:07 5767812                    /home/jiri/.m2/repository/org/springframework/data/spring-data-commons/1.6.1.RELEASE/spring-data-commons-1.6.1.RELEASE.jar
7fda1e0b4000-7fda1e0b9000 r--s 00023000 08:07 5767811                    /home/jiri/.m2/repository/org/springframework/data/spring-data-jpa/1.4.1.RELEASE/spring-data-jpa-1.4.1.RELEASE.jar
7fda1e0b9000-7fda1e0c1000 r--s 00034000 08:07 5767807                    /home/jiri/.m2/repository/org/springframework/spring-tx/3.2.4.RELEASE/spring-tx-3.2.4.RELEASE.jar
7fda1e0c1000-7fda1e0ca000 r--s 0005a000 08:07 5767804                    /home/jiri/.m2/repository/org/springframework/spring-jdbc/3.2.4.RELEASE/spring-jdbc-3.2.4.RELEASE.jar
7fda1e0ca000-7fda1e0d3000 r--s 00056000 08:07 5767806                    /home/jiri/.m2/repository/org/springframework/spring-orm/3.2.4.RELEASE/spring-orm-3.2.4.RELEASE.jar
7fda1e0d3000-7fda1e0e1000 r--s 0008b000 08:07 4325862                    /home/jiri/.m2/repository/org/springframework/spring-web/3.2.4.RELEASE/spring-web-3.2.4.RELEASE.jar
7fda1e0e1000-7fda1e0e6000 r--s 0002c000 08:07 4325860                    /home/jiri/.m2/repository/org/springframework/spring-expression/3.2.4.RELEASE/spring-expression-3.2.4.RELEASE.jar
7fda1e0e6000-7fda1e0e8000 r--s 00000000 08:07 4325625                    /home/jiri/.m2/repository/aopalliance/aopalliance/1.0/aopalliance-1.0.jar
7fda1e0e8000-7fda1e0f0000 r--s 0004a000 08:07 4325856                    /home/jiri/.m2/repository/org/springframework/spring-aop/3.2.4.RELEASE/spring-aop-3.2.4.RELEASE.jar
7fda1e0f0000-7fda1e104000 r--s 000bf000 08:07 4325853                    /home/jiri/.m2/repository/org/springframework/spring-context/3.2.4.RELEASE/spring-context-3.2.4.RELEASE.jar
7fda1e104000-7fda1e106000 r--s 0000d000 08:07 3933642                    /home/jiri/.m2/repository/commons-logging/commons-logging/1.1.1/commons-logging-1.1.1.jar
7fda1e106000-7fda1e118000 r--s 000c3000 08:07 4325858                    /home/jiri/.m2/repository/org/springframework/spring-core/3.2.4.RELEASE/spring-core-3.2.4.RELEASE.jar
7fda1e118000-7fda1e124000 r--s 00089000 08:07 4325855                    /home/jiri/.m2/repository/org/springframework/spring-beans/3.2.4.RELEASE/spring-beans-3.2.4.RELEASE.jar
7fda1e124000-7fda1e130000 r--s 00090000 08:07 4325852                    /home/jiri/.m2/repository/org/springframework/spring-webmvc/3.2.4.RELEASE/spring-webmvc-3.2.4.RELEASE.jar
7fda1e130000-7fda1e139000 r--s 0006f000 08:07 4719898                    /home/jiri/.m2/repository/log4j/log4j/1.2.17/log4j-1.2.17.jar
7fda1e139000-7fda1e13b000 r--s 00001000 08:07 5767808                    /home/jiri/.m2/repository/org/slf4j/slf4j-log4j12/1.7.5/slf4j-log4j12-1.7.5.jar
7fda1e13b000-7fda1e13d000 r--s 00003000 08:07 5767805                    /home/jiri/.m2/repository/org/slf4j/jcl-over-slf4j/1.7.5/jcl-over-slf4j-1.7.5.jar
7fda1e13d000-7fda1e13f000 r--s 00005000 08:07 5767802                    /home/jiri/.m2/repository/org/slf4j/slf4j-api/1.7.5/slf4j-api-1.7.5.jar
7fda1e13f000-7fda1e146000 r--s 00000000 08:06 176347                     /usr/lib/x86_64-linux-gnu/gconv/gconv-modules.cache
7fda1e146000-7fda1e160000 r--p 00000000 08:06 284031                     /usr/share/locale-langpack/fi/LC_MESSAGES/libc.mo
7fda1e160000-7fda1e16a000 r--s 00254000 08:07 2361840                    /home/jiri/jdk1.7.0_25/jre/lib/resources.jar
7fda1e16a000-7fda1e16d000 ---p 00000000 00:00 0 
7fda1e16d000-7fda1e26b000 rw-p 00000000 00:00 0 
7fda1e26b000-7fda1e27a000 r--s 0019c000 08:07 4720476                    /home/jiri/.m2/repository/org/eclipse/jetty/orbit/org.eclipse.jdt.core/3.7.1/org.eclipse.jdt.core-3.7.1.jar
7fda1e27a000-7fda1e27d000 r--s 0001d000 08:07 4720475                    /home/jiri/.m2/repository/org/eclipse/jetty/orbit/com.sun.el/2.2.0.v201108011116/com.sun.el-2.2.0.v201108011116.jar
7fda1e27d000-7fda1e27f000 r--s 0000b000 08:07 4720474                    /home/jiri/.m2/repository/org/eclipse/jetty/orbit/javax.el/2.2.0.v201108011116/javax.el-2.2.0.v201108011116.jar
7fda1e27f000-7fda1e287000 r--s 00061000 08:07 4720470                    /home/jiri/.m2/repository/org/eclipse/jetty/orbit/org.apache.taglibs.standard.glassfish/1.2.0.v201112081803/org.apache.taglibs.standard.glassfish-1.2.0.v201112081803.jar
7fda1e287000-7fda1e289000 r--s 0000b000 08:07 4720468                    /home/jiri/.m2/repository/org/eclipse/jetty/orbit/javax.servlet.jsp.jstl/1.2.0.v201105211821/javax.servlet.jsp.jstl-1.2.0.v201105211821.jar
7fda1e289000-7fda1e290000 r--s 0008a000 08:07 4720467                    /home/jiri/.m2/repository/org/eclipse/jetty/orbit/org.apache.jasper.glassfish/2.2.2.v201112011158/org.apache.jasper.glassfish-2.2.2.v201112011158.jar
7fda1e290000-7fda1e292000 r--s 00018000 08:07 4720466                    /home/jiri/.m2/repository/org/eclipse/jetty/orbit/javax.servlet.jsp/2.2.0.v201112011158/javax.servlet.jsp-2.2.0.v201112011158.jar
7fda1e292000-7fda1e293000 r--s 00000000 08:07 5767216                    /home/jiri/.m2/repository/org/eclipse/jetty/jetty-jsp/8.1.12.v20130726/jetty-jsp-8.1.12.v20130726.jar
7fda1e293000-7fda1e296000 r--s 0001c000 08:07 5767212                    /home/jiri/.m2/repository/org/eclipse/jetty/jetty-websocket/8.1.12.v20130726/jetty-websocket-8.1.12.v20130726.jar
7fda1e296000-7fda1e29b000 r--s 00032000 08:07 4720461                    /home/jiri/.m2/repository/org/eclipse/jetty/orbit/org.objectweb.asm/3.1.0.v200803061910/org.objectweb.asm-3.1.0.v200803061910.jar
7fda1e29b000-7fda1e29d000 r--s 00005000 08:07 4720457                    /home/jiri/.m2/repository/org/eclipse/jetty/orbit/javax.annotation/1.1.0.v201108011116/javax.annotation-1.1.0.v201108011116.jar
7fda1e29d000-7fda1e29f000 r--s 00011000 08:07 5767213                    /home/jiri/.m2/repository/org/eclipse/jetty/jetty-annotations/8.1.12.v20130726/jetty-annotations-8.1.12.v20130726.jar
7fda1e29f000-7fda1e2a1000 r--s 00005000 08:07 5767211                    /home/jiri/.m2/repository/org/eclipse/jetty/jetty-jmx/8.1.12.v20130726/jetty-jmx-8.1.12.v20130726.jar
7fda1e2a1000-7fda1e2a3000 r--s 0000c000 08:07 4720450                    /home/jiri/.m2/repository/org/eclipse/jetty/orbit/javax.activation/1.1.0.v201105071233/javax.activation-1.1.0.v201105071233.jar
7fda1e2a3000-7fda1e2a9000 r--s 00072000 08:07 4720449                    /home/jiri/.m2/repository/org/eclipse/jetty/orbit/javax.mail.glassfish/1.4.1.v201005082020/javax.mail.glassfish-1.4.1.v201005082020.jar
7fda1e2a9000-7fda1e2aa000 r--s 00009000 08:07 5767209                    /home/jiri/.m2/repository/org/eclipse/jetty/jetty-jndi/8.1.12.v20130726/jetty-jndi-8.1.12.v20130726.jar
7fda1e2aa000-7fda1e2ac000 r--s 00006000 08:07 4720445                    /home/jiri/.m2/repository/org/eclipse/jetty/orbit/javax.transaction/1.1.1.v201105210645/javax.transaction-1.1.1.v201105210645.jar
7fda1e2ac000-7fda1e2ae000 r--s 00013000 08:07 5767210                    /home/jiri/.m2/repository/org/eclipse/jetty/jetty-plus/8.1.12.v20130726/jetty-plus-8.1.12.v20130726.jar
7fda1e2ae000-7fda1e2b2000 r--s 0003a000 08:07 4720442                    /home/jiri/.m2/repository/net/sf/jtidy/jtidy/r938/jtidy-r938.jar
7fda1e2b2000-7fda1e2b4000 r--s 0000c000 08:07 4720440                    /home/jiri/.m2/repository/org/apache/maven/plugin-tools/maven-plugin-tools-api/2.9/maven-plugin-tools-api-2.9.jar
7fda1e2b4000-7fda1e2b7000 ---p 00000000 00:00 0 
7fda1e2b7000-7fda1e3b5000 rw-p 00000000 00:00 0 
7fda1e3b5000-7fda1e3b8000 ---p 00000000 00:00 0 
7fda1e3b8000-7fda1e4b6000 rw-p 00000000 00:00 0 
7fda1e4b6000-7fda1e4b9000 ---p 00000000 00:00 0 
7fda1e4b9000-7fda1e5b7000 rw-p 00000000 00:00 0 
7fda1e5b7000-7fda1e5ba000 ---p 00000000 00:00 0 
7fda1e5ba000-7fda1e6b8000 rw-p 00000000 00:00 0 
7fda1e6b8000-7fda1e6bb000 ---p 00000000 00:00 0 
7fda1e6bb000-7fda1e7b9000 rw-p 00000000 00:00 0 
7fda1e7b9000-7fda1e7ce000 r-xp 00000000 08:07 2362227                    /home/jiri/jdk1.7.0_25/jre/lib/amd64/libnet.so
7fda1e7ce000-7fda1e9ce000 ---p 00015000 08:07 2362227                    /home/jiri/jdk1.7.0_25/jre/lib/amd64/libnet.so
7fda1e9ce000-7fda1e9cf000 rw-p 00015000 08:07 2362227                    /home/jiri/jdk1.7.0_25/jre/lib/amd64/libnet.so
7fda1e9cf000-7fda1e9df000 r-xp 00000000 08:07 2362228                    /home/jiri/jdk1.7.0_25/jre/lib/amd64/libnio.so
7fda1e9df000-7fda1ebdf000 ---p 00010000 08:07 2362228                    /home/jiri/jdk1.7.0_25/jre/lib/amd64/libnio.so
7fda1ebdf000-7fda1ebe0000 rw-p 00010000 08:07 2362228                    /home/jiri/jdk1.7.0_25/jre/lib/amd64/libnio.so
7fda1ebe0000-7fda1ebe1000 ---p 00000000 00:00 0 
7fda1ebe1000-7fda1ece1000 rw-p 00000000 00:00 0 
7fda1ece1000-7fda1ece4000 ---p 00000000 00:00 0 
7fda1ece4000-7fda1ede2000 rw-p 00000000 00:00 0 
7fda1ede2000-7fda1ede5000 ---p 00000000 00:00 0 
7fda1ede5000-7fda1eee3000 rw-p 00000000 00:00 0 
7fda1eee3000-7fda1eee6000 ---p 00000000 00:00 0 
7fda1eee6000-7fda1efe4000 rw-p 00000000 00:00 0 
7fda1efe4000-7fda1efe7000 ---p 00000000 00:00 0 
7fda1efe7000-7fda1f0e5000 rw-p 00000000 00:00 0 
7fda1f0e5000-7fda1f8f9000 r--p 00000000 08:06 137795                     /usr/lib/locale/locale-archive
7fda1f8f9000-7fda1f8fc000 ---p 00000000 00:00 0 
7fda1f8fc000-7fda1f9fa000 rw-p 00000000 00:00 0 
7fda1f9fa000-7fda1f9fd000 ---p 00000000 00:00 0 
7fda1f9fd000-7fda1fafb000 rw-p 00000000 00:00 0 
7fda1fafb000-7fda1fafc000 ---p 00000000 00:00 0 
7fda1fafc000-7fda20000000 rw-p 00000000 00:00 0 
7fda20000000-7fda20215000 rw-p 00000000 00:00 0 
7fda20215000-7fda24000000 ---p 00000000 00:00 0 
7fda24000000-7fda24001000 rw-p 00000000 00:00 0 
7fda24001000-7fda24004000 r--s 00017000 08:07 4851963                    /home/jiri/.m2/repository/org/eclipse/jetty/jetty-io/8.1.12.v20130726/jetty-io-8.1.12.v20130726.jar
7fda24004000-7fda24006000 r--s 00016000 08:07 4851934                    /home/jiri/.m2/repository/org/eclipse/jetty/jetty-http/8.1.12.v20130726/jetty-http-8.1.12.v20130726.jar
7fda24006000-7fda24008000 r--s 00004000 08:07 4851962                    /home/jiri/.m2/repository/org/eclipse/jetty/jetty-continuation/8.1.12.v20130726/jetty-continuation-8.1.12.v20130726.jar
7fda24008000-7fda2400b000 r--s 0002e000 08:07 4719909                    /home/jiri/.m2/repository/org/eclipse/jetty/orbit/javax.servlet/3.0.0.v201112011016/javax.servlet-3.0.0.v201112011016.jar
7fda2400b000-7fda24011000 r--s 00051000 08:07 4851935                    /home/jiri/.m2/repository/org/eclipse/jetty/jetty-server/8.1.12.v20130726/jetty-server-8.1.12.v20130726.jar
7fda24011000-7fda24013000 r--s 00014000 08:07 4851960                    /home/jiri/.m2/repository/org/eclipse/jetty/jetty-security/8.1.12.v20130726/jetty-security-8.1.12.v20130726.jar
7fda24013000-7fda24016000 r--s 00017000 08:07 4851936                    /home/jiri/.m2/repository/org/eclipse/jetty/jetty-servlet/8.1.12.v20130726/jetty-servlet-8.1.12.v20130726.jar
7fda24016000-7fda2401b000 r--s 00042000 08:07 4851971                    /home/jiri/.m2/repository/org/eclipse/jetty/jetty-util/8.1.12.v20130726/jetty-util-8.1.12.v20130726.jar
7fda2401b000-7fda2405c000 r--s 00330000 08:06 210887                     /usr/share/maven2/lib/maven-debian-uber.jar
7fda2405c000-7fda24613000 rw-p 00000000 00:00 0 
7fda24613000-7fda247d0000 r--s 039f9000 08:07 2362475                    /home/jiri/jdk1.7.0_25/jre/lib/rt.jar
7fda247d0000-7fda25000000 rw-p 00000000 00:00 0 
7fda25000000-7fda25280000 rwxp 00000000 00:00 0 
7fda25280000-7fda2bcfc000 rw-p 00000000 00:00 0 
7fda2bcfc000-7fda2c000000 ---p 00000000 00:00 0 
7fda2c000000-7fda2c001000 r--s 00009000 08:07 4984166                    /home/jiri/.m2/repository/org/eclipse/jetty/jetty-xml/8.1.12.v20130726/jetty-xml-8.1.12.v20130726.jar
7fda2c001000-7fda2c004000 ---p 00000000 00:00 0 
7fda2c004000-7fda2e132000 rw-p 00000000 00:00 0 
7fda2e132000-7fda2e133000 ---p 00000000 00:00 0 
7fda2e133000-7fda2e233000 rw-p 00000000 00:00 0 
7fda2e233000-7fda2e234000 ---p 00000000 00:00 0 
7fda2e234000-7fda2e342000 rw-p 00000000 00:00 0 
7fda2e342000-7fda2e35d000 rw-p 00000000 00:00 0 
7fda2e35d000-7fda2e381000 rw-p 00000000 00:00 0 
7fda2e381000-7fda2e49f000 rw-p 00000000 00:00 0 
7fda2e49f000-7fda2e4ad000 rw-p 00000000 00:00 0 
7fda2e4ad000-7fda2e4c8000 rw-p 00000000 00:00 0 
7fda2e4c8000-7fda2e4ec000 rw-p 00000000 00:00 0 
7fda2e4ec000-7fda2e60a000 rw-p 00000000 00:00 0 
7fda2e60a000-7fda2e6ab000 rw-p 00000000 00:00 0 
7fda2e6ab000-7fda2e6ac000 rw-p 00000000 00:00 0 
7fda2e6ac000-7fda2e6c7000 r-xp 00000000 08:07 2362232                    /home/jiri/jdk1.7.0_25/jre/lib/amd64/libzip.so
7fda2e6c7000-7fda2e8c6000 ---p 0001b000 08:07 2362232                    /home/jiri/jdk1.7.0_25/jre/lib/amd64/libzip.so
7fda2e8c6000-7fda2e8c7000 rw-p 0001a000 08:07 2362232                    /home/jiri/jdk1.7.0_25/jre/lib/amd64/libzip.so
7fda2e8c7000-7fda2e8d3000 r-xp 00000000 08:06 831267                     /lib/x86_64-linux-gnu/libnss_files-2.15.so
7fda2e8d3000-7fda2ead2000 ---p 0000c000 08:06 831267                     /lib/x86_64-linux-gnu/libnss_files-2.15.so
7fda2ead2000-7fda2ead3000 r--p 0000b000 08:06 831267                     /lib/x86_64-linux-gnu/libnss_files-2.15.so
7fda2ead3000-7fda2ead4000 rw-p 0000c000 08:06 831267                     /lib/x86_64-linux-gnu/libnss_files-2.15.so
7fda2ead4000-7fda2eade000 r-xp 00000000 08:06 831263                     /lib/x86_64-linux-gnu/libnss_nis-2.15.so
7fda2eade000-7fda2ecde000 ---p 0000a000 08:06 831263                     /lib/x86_64-linux-gnu/libnss_nis-2.15.so
7fda2ecde000-7fda2ecdf000 r--p 0000a000 08:06 831263                     /lib/x86_64-linux-gnu/libnss_nis-2.15.so
7fda2ecdf000-7fda2ece0000 rw-p 0000b000 08:06 831263                     /lib/x86_64-linux-gnu/libnss_nis-2.15.so
7fda2ece0000-7fda2ecf7000 r-xp 00000000 08:06 831276                     /lib/x86_64-linux-gnu/libnsl-2.15.so
7fda2ecf7000-7fda2eef6000 ---p 00017000 08:06 831276                     /lib/x86_64-linux-gnu/libnsl-2.15.so
7fda2eef6000-7fda2eef7000 r--p 00016000 08:06 831276                     /lib/x86_64-linux-gnu/libnsl-2.15.so
7fda2eef7000-7fda2eef8000 rw-p 00017000 08:06 831276                     /lib/x86_64-linux-gnu/libnsl-2.15.so
7fda2eef8000-7fda2eefa000 rw-p 00000000 00:00 0 
7fda2eefa000-7fda2ef02000 r-xp 00000000 08:06 831268                     /lib/x86_64-linux-gnu/libnss_compat-2.15.so
7fda2ef02000-7fda2f101000 ---p 00008000 08:06 831268                     /lib/x86_64-linux-gnu/libnss_compat-2.15.so
7fda2f101000-7fda2f102000 r--p 00007000 08:06 831268                     /lib/x86_64-linux-gnu/libnss_compat-2.15.so
7fda2f102000-7fda2f103000 rw-p 00008000 08:06 831268                     /lib/x86_64-linux-gnu/libnss_compat-2.15.so
7fda2f103000-7fda2f12c000 r-xp 00000000 08:07 2362164                    /home/jiri/jdk1.7.0_25/jre/lib/amd64/libjava.so
7fda2f12c000-7fda2f32c000 ---p 00029000 08:07 2362164                    /home/jiri/jdk1.7.0_25/jre/lib/amd64/libjava.so
7fda2f32c000-7fda2f32e000 rw-p 00029000 08:07 2362164                    /home/jiri/jdk1.7.0_25/jre/lib/amd64/libjava.so
7fda2f32e000-7fda2f33b000 r-xp 00000000 08:07 2362010                    /home/jiri/jdk1.7.0_25/jre/lib/amd64/libverify.so
7fda2f33b000-7fda2f53a000 ---p 0000d000 08:07 2362010                    /home/jiri/jdk1.7.0_25/jre/lib/amd64/libverify.so
7fda2f53a000-7fda2f53c000 rw-p 0000c000 08:07 2362010                    /home/jiri/jdk1.7.0_25/jre/lib/amd64/libverify.so
7fda2f53c000-7fda2f543000 r-xp 00000000 08:06 831261                     /lib/x86_64-linux-gnu/librt-2.15.so
7fda2f543000-7fda2f742000 ---p 00007000 08:06 831261                     /lib/x86_64-linux-gnu/librt-2.15.so
7fda2f742000-7fda2f743000 r--p 00006000 08:06 831261                     /lib/x86_64-linux-gnu/librt-2.15.so
7fda2f743000-7fda2f744000 rw-p 00007000 08:06 831261                     /lib/x86_64-linux-gnu/librt-2.15.so
7fda2f744000-7fda2f83f000 r-xp 00000000 08:06 831265                     /lib/x86_64-linux-gnu/libm-2.15.so
7fda2f83f000-7fda2fa3e000 ---p 000fb000 08:06 831265                     /lib/x86_64-linux-gnu/libm-2.15.so
7fda2fa3e000-7fda2fa3f000 r--p 000fa000 08:06 831265                     /lib/x86_64-linux-gnu/libm-2.15.so
7fda2fa3f000-7fda2fa40000 rw-p 000fb000 08:06 831265                     /lib/x86_64-linux-gnu/libm-2.15.so
7fda2fa40000-7fda30481000 r-xp 00000000 08:07 2361809                    /home/jiri/jdk1.7.0_25/jre/lib/amd64/server/libjvm.so
7fda30481000-7fda30681000 ---p 00a41000 08:07 2361809                    /home/jiri/jdk1.7.0_25/jre/lib/amd64/server/libjvm.so
7fda30681000-7fda30724000 rw-p 00a41000 08:07 2361809                    /home/jiri/jdk1.7.0_25/jre/lib/amd64/server/libjvm.so
7fda30724000-7fda30760000 rw-p 00000000 00:00 0 
7fda30760000-7fda30915000 r-xp 00000000 08:06 790445                     /lib/x86_64-linux-gnu/libc-2.15.so
7fda30915000-7fda30b14000 ---p 001b5000 08:06 790445                     /lib/x86_64-linux-gnu/libc-2.15.so
7fda30b14000-7fda30b18000 r--p 001b4000 08:06 790445                     /lib/x86_64-linux-gnu/libc-2.15.so
7fda30b18000-7fda30b1a000 rw-p 001b8000 08:06 790445                     /lib/x86_64-linux-gnu/libc-2.15.so
7fda30b1a000-7fda30b1f000 rw-p 00000000 00:00 0 
7fda30b1f000-7fda30b21000 r-xp 00000000 08:06 790444                     /lib/x86_64-linux-gnu/libdl-2.15.so
7fda30b21000-7fda30d21000 ---p 00002000 08:06 790444                     /lib/x86_64-linux-gnu/libdl-2.15.so
7fda30d21000-7fda30d22000 r--p 00002000 08:06 790444                     /lib/x86_64-linux-gnu/libdl-2.15.so
7fda30d22000-7fda30d23000 rw-p 00003000 08:06 790444                     /lib/x86_64-linux-gnu/libdl-2.15.so
7fda30d23000-7fda30d39000 r-xp 00000000 08:07 2361941                    /home/jiri/jdk1.7.0_25/jre/lib/amd64/jli/libjli.so
7fda30d39000-7fda30f39000 ---p 00016000 08:07 2361941                    /home/jiri/jdk1.7.0_25/jre/lib/amd64/jli/libjli.so
7fda30f39000-7fda30f3a000 rw-p 00016000 08:07 2361941                    /home/jiri/jdk1.7.0_25/jre/lib/amd64/jli/libjli.so
7fda30f3a000-7fda30f52000 r-xp 00000000 08:06 831259                     /lib/x86_64-linux-gnu/libpthread-2.15.so
7fda30f52000-7fda31151000 ---p 00018000 08:06 831259                     /lib/x86_64-linux-gnu/libpthread-2.15.so
7fda31151000-7fda31152000 r--p 00017000 08:06 831259                     /lib/x86_64-linux-gnu/libpthread-2.15.so
7fda31152000-7fda31153000 rw-p 00018000 08:06 831259                     /lib/x86_64-linux-gnu/libpthread-2.15.so
7fda31153000-7fda31157000 rw-p 00000000 00:00 0 
7fda31157000-7fda31179000 r-xp 00000000 08:06 831271                     /lib/x86_64-linux-gnu/ld-2.15.so
7fda31179000-7fda3117b000 r--s 00019000 08:07 4851968                    /home/jiri/.m2/repository/org/eclipse/jetty/jetty-webapp/8.1.12.v20130726/jetty-webapp-8.1.12.v20130726.jar
7fda3117b000-7fda3117c000 r--s 00004000 08:07 5246672                    /home/jiri/.m2/repository/org/codehaus/plexus/plexus-compiler-javac/2.2/plexus-compiler-javac-2.2.jar
7fda3117c000-7fda3117e000 r--s 00000000 08:07 5114310                    /home/jiri/.m2/repository/org/codehaus/plexus/plexus-compiler-manager/2.2/plexus-compiler-manager-2.2.jar
7fda3117e000-7fda31180000 r--s 00005000 08:07 5637322                    /home/jiri/.m2/repository/org/codehaus/plexus/plexus-compiler-api/2.2/plexus-compiler-api-2.2.jar
7fda31180000-7fda31182000 r--s 00000000 08:07 4720437                    /home/jiri/.m2/repository/org/codehaus/plexus/plexus-component-annotations/1.5.5/plexus-component-annotations-1.5.5.jar
7fda31182000-7fda31184000 r--s 00002000 08:07 4851989                    /home/jiri/.m2/repository/org/apache/maven/shared/maven-shared-incremental/1.1/maven-shared-incremental-1.1.jar
7fda31184000-7fda31186000 r--s 00006000 08:07 5112662                    /home/jiri/.m2/repository/com/google/code/findbugs/jsr305/2.0.1/jsr305-2.0.1.jar
7fda31186000-7fda31189000 r--s 00023000 08:07 5637320                    /home/jiri/.m2/repository/org/apache/maven/shared/maven-shared-utils/0.1/maven-shared-utils-0.1.jar
7fda31189000-7fda3118d000 r--s 00034000 08:07 3934041                    /home/jiri/.m2/repository/org/codehaus/plexus/plexus-utils/1.5.15/plexus-utils-1.5.15.jar
7fda3118d000-7fda3118f000 r--s 0000b000 08:07 3932481                    /home/jiri/.m2/repository/org/codehaus/plexus/plexus-interpolation/1.6/plexus-interpolation-1.6.jar
7fda3118f000-7fda31191000 r--s 00007000 08:07 3932480                    /home/jiri/.m2/repository/org/apache/maven/shared/maven-filtering/1.0-beta-2/maven-filtering-1.0-beta-2.jar
7fda31191000-7fda3119b000 rw-p 00000000 00:00 0 
7fda3119b000-7fda31251000 rw-p 00000000 00:00 0 
7fda31251000-7fda31254000 ---p 00000000 00:00 0 
7fda31254000-7fda31356000 rw-p 00000000 00:00 0 
7fda31356000-7fda3135b000 r--s 00039000 08:07 3932369                    /home/jiri/.m2/repository/org/codehaus/plexus/plexus-utils/1.5.6/plexus-utils-1.5.6.jar
7fda3135b000-7fda3135d000 r--s 00007000 08:07 4328073                    /home/jiri/.m2/repository/org/apache/maven/plugins/maven-surefire-plugin/2.16/maven-surefire-plugin-2.16.jar
7fda3135d000-7fda3135f000 r--s 00004000 08:07 3932183                    /home/jiri/.m2/repository/org/apache/maven/plugins/maven-resources-plugin/2.3/maven-resources-plugin-2.3.jar
7fda3135f000-7fda31361000 r--s 00011000 08:07 4328060                    /home/jiri/.m2/repository/org/mortbay/jetty/jetty-maven-plugin/8.1.12.v20130726/jetty-maven-plugin-8.1.12.v20130726.jar
7fda31361000-7fda31363000 r--s 00009000 08:07 5112051                    /home/jiri/.m2/repository/org/apache/maven/plugins/maven-compiler-plugin/3.1/maven-compiler-plugin-3.1.jar
7fda31363000-7fda31366000 r--s 00013000 08:07 4328081                    /home/jiri/.m2/repository/org/apache/maven/plugins/maven-war-plugin/2.4/maven-war-plugin-2.4.jar
7fda31366000-7fda3136a000 r--s 0008a000 08:07 2362445                    /home/jiri/jdk1.7.0_25/jre/lib/jsse.jar
7fda3136a000-7fda3136b000 r--p 00000000 00:00 0 
7fda3136b000-7fda3136d000 r--s 00008000 08:06 321339                     /usr/share/java/classworlds-1.1.jar
7fda3136d000-7fda31375000 rw-s 00000000 08:06 60531                      /tmp/hsperfdata_jiri/6419
7fda31375000-7fda31376000 rw-p 00000000 00:00 0 
7fda31376000-7fda31377000 ---p 00000000 00:00 0 
7fda31377000-7fda31379000 rw-p 00000000 00:00 0 
7fda31379000-7fda3137a000 r--p 00022000 08:06 831271                     /lib/x86_64-linux-gnu/ld-2.15.so
7fda3137a000-7fda3137c000 rw-p 00023000 08:06 831271                     /lib/x86_64-linux-gnu/ld-2.15.so
7fff2c6f7000-7fff2c718000 rw-p 00000000 00:00 0                          [stack]
7fff2c7ff000-7fff2c800000 r-xp 00000000 00:00 0                          [vdso]
ffffffffff600000-ffffffffff601000 r-xp 00000000 00:00 0                  [vsyscall]

VM Arguments:
jvm_args: -Dclassworlds.conf=/usr/share/maven2/bin/m2.conf -Dmaven.home=/usr/share/maven2 
java_command: org.codehaus.classworlds.Launcher "jetty:run"
Launcher Type: SUN_STANDARD

Environment Variables:
JAVA_HOME=/home/jiri/jdk1.7.0_25
PATH=/usr/local/heroku/bin:/home/jiri/bin:/usr/lib/lightdm/lightdm:/usr/local/sbin:/usr/local/bin:/usr/sbin:/usr/bin:/sbin:/bin:/usr/games:/home/jiri/scripts:/home/jiri/bin:/home/jiri/Ohjelmat/grails-2.2.1/bin:/home/jiri/.rvm/bin
SHELL=/bin/bash
DISPLAY=:0

Signal Handlers:
SIGSEGV: [libjvm.so+0x8a26a0], sa_mask[0]=0x7ffbfeff, sa_flags=0x10000004
SIGBUS: [libjvm.so+0x8a26a0], sa_mask[0]=0x7ffbfeff, sa_flags=0x10000004
SIGFPE: [libjvm.so+0x73f3d0], sa_mask[0]=0x7ffbfeff, sa_flags=0x10000004
SIGPIPE: [libjvm.so+0x73f3d0], sa_mask[0]=0x7ffbfeff, sa_flags=0x10000004
SIGXFSZ: [libjvm.so+0x73f3d0], sa_mask[0]=0x7ffbfeff, sa_flags=0x10000004
SIGILL: [libjvm.so+0x73f3d0], sa_mask[0]=0x7ffbfeff, sa_flags=0x10000004
SIGUSR1: SIG_DFL, sa_mask[0]=0x00000000, sa_flags=0x00000000
SIGUSR2: [libjvm.so+0x73ed20], sa_mask[0]=0x00000000, sa_flags=0x10000004
SIGHUP: [libjvm.so+0x7410b0], sa_mask[0]=0x7ffbfeff, sa_flags=0x10000004
SIGINT: [libjvm.so+0x7410b0], sa_mask[0]=0x7ffbfeff, sa_flags=0x10000004
SIGTERM: [libjvm.so+0x7410b0], sa_mask[0]=0x7ffbfeff, sa_flags=0x10000004
SIGQUIT: [libjvm.so+0x7410b0], sa_mask[0]=0x7ffbfeff, sa_flags=0x10000004


---------------  S Y S T E M  ---------------

OS:wheezy/sid

uname:Linux 3.2.0-54-generic #82-Ubuntu SMP Tue Sep 10 20:08:42 UTC 2013 x86_64
libc:glibc 2.15 NPTL 2.15 
rlimit: STACK 8192k, CORE 0k, NPROC 30730, NOFILE 4096, AS infinity
load average:0,83 0,62 0,60

/proc/meminfo:
MemTotal:        3950660 kB
MemFree:          787448 kB
Buffers:           37604 kB
Cached:           473696 kB
SwapCached:       123872 kB
Active:          2010392 kB
Inactive:         921588 kB
Active(anon):    1835784 kB
Inactive(anon):   712516 kB
Active(file):     174608 kB
Inactive(file):   209072 kB
Unevictable:          48 kB
Mlocked:              48 kB
SwapTotal:       4881404 kB
SwapFree:        4254332 kB
Dirty:               300 kB
Writeback:             0 kB
AnonPages:       2348664 kB
Mapped:           127652 kB
Shmem:            127500 kB
Slab:              96068 kB
SReclaimable:      63284 kB
SUnreclaim:        32784 kB
KernelStack:        5264 kB
PageTables:        48152 kB
NFS_Unstable:          0 kB
Bounce:                0 kB
WritebackTmp:          0 kB
CommitLimit:     6856732 kB
Committed_AS:    6866896 kB
VmallocTotal:   34359738367 kB
VmallocUsed:      360352 kB
VmallocChunk:   34359364044 kB
HardwareCorrupted:     0 kB
AnonHugePages:         0 kB
HugePages_Total:       0
HugePages_Free:        0
HugePages_Rsvd:        0
HugePages_Surp:        0
Hugepagesize:       2048 kB
DirectMap4k:       79872 kB
DirectMap2M:     4016128 kB


CPU:total 2 (2 cores per cpu, 1 threads per core) family 6 model 23 stepping 10, cmov, cx8, fxsr, mmx, sse, sse2, sse3, ssse3, tsc

/proc/cpuinfo:
processor	: 0
vendor_id	: GenuineIntel
cpu family	: 6
model		: 23
model name	: Pentium(R) Dual-Core CPU       T4500  @ 2.30GHz
stepping	: 10
microcode	: 0xa07
cpu MHz		: 2300.000
cache size	: 1024 KB
physical id	: 0
siblings	: 2
core id		: 0
cpu cores	: 2
apicid		: 0
initial apicid	: 0
fpu		: yes
fpu_exception	: yes
cpuid level	: 13
wp		: yes
flags		: fpu vme de pse tsc msr pae mce cx8 apic sep mtrr pge mca cmov pat pse36 clflush dts acpi mmx fxsr sse sse2 ss ht tm pbe syscall nx lm constant_tsc arch_perfmon pebs bts rep_good nopl aperfmperf pni dtes64 monitor ds_cpl est tm2 ssse3 cx16 xtpr pdcm xsave lahf_lm dtherm
bogomips	: 4588.15
clflush size	: 64
cache_alignment	: 64
address sizes	: 36 bits physical, 48 bits virtual
power management:

processor	: 1
vendor_id	: GenuineIntel
cpu family	: 6
model		: 23
model name	: Intel(R) Pentium(R) CPU        T4500  @ 2.30GHz
stepping	: 10
cpu MHz		: 2300.000
cache size	: 1024 KB
physical id	: 0
siblings	: 2
core id		: 1
cpu cores	: 2
apicid		: 1
initial apicid	: 1
fpu		: yes
fpu_exception	: yes
cpuid level	: 13
wp		: yes
flags		: fpu vme de pse tsc msr pae mce cx8 apic sep mtrr pge mca cmov pat pse36 clflush dts acpi mmx fxsr sse sse2 ss ht tm pbe syscall nx lm constant_tsc arch_perfmon pebs bts rep_good nopl aperfmperf pni dtes64 monitor ds_cpl est tm2 ssse3 cx16 xtpr pdcm xsave lahf_lm dtherm
bogomips	: 4588.45
clflush size	: 64
cache_alignment	: 64
address sizes	: 36 bits physical, 48 bits virtual
power management:



Memory: 4k page, physical 3950660k(787448k free), swap 4881404k(4254332k free)

vm_info: Java HotSpot(TM) 64-Bit Server VM (23.25-b01) for linux-amd64 JRE (1.7.0_25-b15), built on Jun  5 2013 20:48:36 by "java_re" with gcc 4.3.0 20080428 (Red Hat 4.3.0-8)

time: Wed Oct 23 22:57:14 2013
elapsed time: 15 seconds

